<?xml version="1.0" encoding="UTF-8"?>
<!-- Generated by org.testng.reporters.JUnitXMLReporter -->
<testsuite hostname="Sachin-PC" name="Login test" tests="1" failures="1" timestamp="20 Dec 2016 13:00:26 GMT" time="0.461" errors="0">
  <testcase name="doLogin" time="0.342" classname="dd_testcases.LoginTest">
    <failure type="org.openqa.selenium.WebDriverException" message="Element is not clickable at point (970.5, 16). Other element would receive the click: &amp;lt;div style=&amp;quot;position: fixed; z-index: 2147483647; width: 100%; height: 100%; left: 0px; top: 0px;&amp;quot;&amp;gt;&amp;lt;/div&amp;gt;
Command duration or timeout: 95 milliseconds
Build info: version: &amp;apos;2.53.0&amp;apos;, revision: &amp;apos;35ae25b&amp;apos;, time: &amp;apos;2016-03-15 16:57:40&amp;apos;
System info: host: &amp;apos;Sachin-PC&amp;apos;, ip: &amp;apos;192.168.100.1&amp;apos;, os.name: &amp;apos;Windows 7&amp;apos;, os.arch: &amp;apos;x86&amp;apos;, os.version: &amp;apos;6.1&amp;apos;, java.version: &amp;apos;1.8.0_91&amp;apos;
Driver info: org.openqa.selenium.firefox.FirefoxDriver
Capabilities [{applicationCacheEnabled=true, rotatable=false, handlesAlerts=true, databaseEnabled=true, version=44.0, platform=WINDOWS, nativeEvents=false, acceptSslCerts=true, webStorageEnabled=true, locationContextEnabled=true, browserName=firefox, takesScreenshot=true, javascriptEnabled=true, cssSelectorsEnabled=true}]
Session ID: c9d56e95-0801-4273-8c04-f88af4eb2d85">
      <![CDATA[org.openqa.selenium.WebDriverException: Element is not clickable at point (970.5, 16). Other element would receive the click: <div style="position: fixed; z-index: 2147483647; width: 100%; height: 100%; left: 0px; top: 0px;"></div>
Command duration or timeout: 95 milliseconds
Build info: version: '2.53.0', revision: '35ae25b', time: '2016-03-15 16:57:40'
System info: host: 'Sachin-PC', ip: '192.168.100.1', os.name: 'Windows 7', os.arch: 'x86', os.version: '6.1', java.version: '1.8.0_91'
Driver info: org.openqa.selenium.firefox.FirefoxDriver
Capabilities [{applicationCacheEnabled=true, rotatable=false, handlesAlerts=true, databaseEnabled=true, version=44.0, platform=WINDOWS, nativeEvents=false, acceptSslCerts=true, webStorageEnabled=true, locationContextEnabled=true, browserName=firefox, takesScreenshot=true, javascriptEnabled=true, cssSelectorsEnabled=true}]
Session ID: c9d56e95-0801-4273-8c04-f88af4eb2d85
	at org.openqa.selenium.remote.ErrorHandler.createThrowable(ErrorHandler.java:206)
	at org.openqa.selenium.remote.ErrorHandler.throwIfResponseFailed(ErrorHandler.java:158)
	at org.openqa.selenium.remote.RemoteWebDriver.execute(RemoteWebDriver.java:678)
	at org.openqa.selenium.remote.RemoteWebElement.execute(RemoteWebElement.java:327)
	at org.openqa.selenium.remote.RemoteWebElement.click(RemoteWebElement.java:85)
	at dd_testcases.LoginTest.doLogin(LoginTest.java:38)
... Removed 29 stack frames]]>
    </failure>
  </testcase> <!-- doLogin -->
</testsuite> <!-- Login test -->
